2024/11/10 04:16:58 Loading geoip databases
2024/11/10 04:16:58 Using geoip file  /opt/homebrew/Cellar/tor/0.4.8.13/share/tor/geoip  with checksum cf77c8f91f0326ec1dbde20cd2d20b1eb3fb0d9f
2024/11/10 04:16:58 Loaded  361192  entries into table
2024/11/10 04:16:58 Using geoip file  /opt/homebrew/Cellar/tor/0.4.8.13/share/tor/geoip6  with checksum ed80b2f8e7b9280cadf4ec46410ff0ac1ed3cf5e
2024/11/10 04:16:58 Loaded  185420  entries into table
2024/11/10 04:17:49 matched restricted snowflake
2024/11/10 04:17:59 matched restricted snowflake
2024/11/10 04:18:09 matched restricted snowflake
2024/11/10 04:18:19 matched restricted snowflake
2024/11/10 04:18:29 matched restricted snowflake
2024/11/10 04:18:39 matched restricted snowflake
2024/11/10 04:18:49 matched restricted snowflake
2024/11/10 04:18:59 matched restricted snowflake
2024/11/10 04:19:09 matched restricted snowflake
2024/11/10 04:19:19 matched restricted snowflake
2024/11/10 04:19:29 matched restricted snowflake
2024/11/10 04:19:39 matched restricted snowflake
2024/11/10 04:19:49 matched restricted snowflake
2024/11/10 04:19:59 matched restricted snowflake
2024/11/10 04:20:09 matched restricted snowflake
2024/11/10 04:20:19 matched restricted snowflake
2024/11/10 04:20:29 matched restricted snowflake
2024/11/10 04:20:39 matched restricted snowflake
2024/11/10 04:20:49 matched restricted snowflake
2024/11/10 04:20:59 matched restricted snowflake
2024/11/10 04:21:09 matched restricted snowflake
2024/11/10 04:21:19 matched restricted snowflake
2024/11/10 04:21:29 matched restricted snowflake
2024/11/10 04:21:39 matched restricted snowflake
2024/11/10 04:21:49 matched restricted snowflake
2024/11/10 04:21:59 matched restricted snowflake
2024/11/10 04:22:09 matched restricted snowflake
2024/11/10 04:22:19 matched restricted snowflake
2024/11/10 04:22:29 matched restricted snowflake
2024/11/10 04:22:39 matched restricted snowflake
2024/11/10 04:22:49 matched restricted snowflake
2024/11/10 04:22:59 matched restricted snowflake
2024/11/10 04:23:09 matched restricted snowflake
2024/11/10 04:23:16 matched restricted snowflake
2024/11/10 04:23:19 matched restricted snowflake
2024/11/10 04:23:26 matched restricted snowflake
2024/11/10 04:23:36 matched restricted snowflake
2024/11/10 04:23:46 matched restricted snowflake
2024/11/10 04:23:56 matched restricted snowflake
2024/11/10 04:24:06 matched restricted snowflake
2024/11/10 04:24:16 matched restricted snowflake
2024/11/10 04:24:26 matched restricted snowflake
2024/11/10 04:24:36 matched restricted snowflake
2024/11/10 04:24:46 matched restricted snowflake
2024/11/10 04:24:56 matched restricted snowflake
2024/11/10 04:25:06 matched restricted snowflake
2024/11/10 04:25:16 matched restricted snowflake
2024/11/10 04:25:26 matched restricted snowflake
2024/11/10 04:25:36 matched restricted snowflake
2024/11/10 04:25:46 matched restricted snowflake
2024/11/10 04:25:56 matched restricted snowflake
2024/11/10 04:26:06 matched restricted snowflake
2024/11/10 04:26:16 matched restricted snowflake
2024/11/10 04:26:26 matched restricted snowflake
2024/11/10 04:26:36 matched restricted snowflake
2024/11/10 04:26:46 matched restricted snowflake
2024/11/10 04:26:56 matched restricted snowflake
2024/11/10 04:27:06 matched restricted snowflake
2024/11/10 04:27:16 matched restricted snowflake
2024/11/10 04:27:26 matched restricted snowflake
2024/11/10 04:27:36 matched restricted snowflake
2024/11/10 04:27:46 matched restricted snowflake
2024/11/10 04:27:56 matched restricted snowflake
2024/11/10 04:28:06 matched restricted snowflake
2024/11/10 04:28:16 matched restricted snowflake
2024/11/10 04:28:26 matched restricted snowflake
2024/11/10 04:28:36 matched restricted snowflake
2024/11/10 04:28:39 matched restricted snowflake
2024/11/10 04:28:46 matched restricted snowflake
2024/11/10 04:28:49 matched restricted snowflake
2024/11/10 04:28:59 matched restricted snowflake
2024/11/10 04:29:09 matched restricted snowflake
2024/11/10 04:29:19 matched restricted snowflake
2024/11/10 04:29:29 matched restricted snowflake
2024/11/10 04:29:39 matched restricted snowflake
2024/11/10 04:29:49 matched restricted snowflake
2024/11/10 04:29:59 matched restricted snowflake
2024/11/10 04:30:09 matched restricted snowflake
2024/11/10 04:30:19 matched restricted snowflake
2024/11/10 04:30:29 matched restricted snowflake
2024/11/10 04:30:39 matched restricted snowflake
2024/11/10 04:30:49 matched restricted snowflake
2024/11/10 04:30:59 matched restricted snowflake
2024/11/10 04:31:09 matched restricted snowflake
2024/11/10 04:31:19 matched restricted snowflake
2024/11/10 04:31:29 matched restricted snowflake
2024/11/10 04:31:39 matched restricted snowflake
2024/11/10 04:31:49 matched restricted snowflake
2024/11/10 04:31:59 matched restricted snowflake
2024/11/10 04:32:09 matched restricted snowflake
2024/11/10 04:32:19 matched restricted snowflake
2024/11/10 04:32:29 matched restricted snowflake
2024/11/10 04:32:39 matched restricted snowflake
2024/11/10 04:32:49 matched restricted snowflake
2024/11/10 04:32:59 matched restricted snowflake
2024/11/10 04:33:09 matched restricted snowflake
2024/11/10 04:33:19 matched restricted snowflake
2024/11/10 04:33:29 matched restricted snowflake
2024/11/10 04:38:18 matched restricted snowflake
2024/11/10 04:38:28 matched restricted snowflake
2024/11/10 04:38:38 matched restricted snowflake
2024/11/10 04:38:48 matched restricted snowflake
2024/11/10 04:38:58 matched restricted snowflake
2024/11/10 04:39:08 matched restricted snowflake
2024/11/10 04:39:18 matched restricted snowflake
2024/11/10 04:39:28 matched restricted snowflake
2024/11/10 04:39:38 matched restricted snowflake
2024/11/10 04:39:48 matched restricted snowflake
2024/11/10 04:39:58 matched restricted snowflake
2024/11/10 04:40:08 matched restricted snowflake
2024/11/10 04:40:18 matched restricted snowflake
2024/11/10 04:40:28 matched restricted snowflake
2024/11/10 04:40:38 matched restricted snowflake
2024/11/10 04:40:48 matched restricted snowflake
2024/11/10 04:40:58 matched restricted snowflake
2024/11/10 04:41:08 matched restricted snowflake
2024/11/10 04:41:18 matched restricted snowflake
2024/11/10 04:41:28 matched restricted snowflake
2024/11/10 04:41:38 matched restricted snowflake
2024/11/10 04:41:48 matched restricted snowflake
2024/11/10 04:41:58 matched restricted snowflake
2024/11/10 04:42:08 matched restricted snowflake
2024/11/10 04:42:18 matched restricted snowflake
2024/11/10 04:42:28 matched restricted snowflake
2024/11/10 04:42:38 matched restricted snowflake
2024/11/10 04:42:48 matched restricted snowflake
2024/11/10 04:42:58 matched restricted snowflake
2024/11/10 04:43:08 matched restricted snowflake
2024/11/10 04:43:18 matched restricted snowflake
2024/11/10 04:43:28 matched restricted snowflake
2024/11/10 04:43:38 matched restricted snowflake
2024/11/10 04:43:48 matched restricted snowflake
